2017-12-11 20:05:19,600 - Log4JLogChute initialized using file 'velocity.log'
2017-12-11 20:05:19,600 - Initializing Velocity, Calling init()...
2017-12-11 20:05:19,600 - Starting Apache Velocity v1.7 (compiled: 2010-11-19 12:14:37)
2017-12-11 20:05:19,600 - Default Properties File: org\apache\velocity\runtime\defaults\velocity.properties
2017-12-11 20:05:19,600 - Trying to use logger class org.apache.velocity.runtime.log.AvalonLogChute
2017-12-11 20:05:19,601 - Target log system for org.apache.velocity.runtime.log.AvalonLogChute is not available (java.lang.NoClassDefFoundError: org/apache/log/format/Formatter).  Falling back to next log system...
2017-12-11 20:05:19,601 - Trying to use logger class org.apache.velocity.runtime.log.Log4JLogChute
2017-12-11 20:05:19,601 - Using logger class org.apache.velocity.runtime.log.Log4JLogChute
2017-12-11 20:05:19,604 - ResourceLoader instantiated: org.apache.velocity.runtime.resource.loader.ClasspathResourceLoader
2017-12-11 20:05:19,613 - ResourceCache: initialized (class org.apache.velocity.runtime.resource.ResourceCacheImpl) with class java.util.Collections$SynchronizedMap cache map.
2017-12-11 20:05:19,614 - Loaded System Directive: org.apache.velocity.runtime.directive.Stop
2017-12-11 20:05:19,614 - Loaded System Directive: org.apache.velocity.runtime.directive.Define
2017-12-11 20:05:19,615 - Loaded System Directive: org.apache.velocity.runtime.directive.Break
2017-12-11 20:05:19,615 - Loaded System Directive: org.apache.velocity.runtime.directive.Evaluate
2017-12-11 20:05:19,616 - Loaded System Directive: org.apache.velocity.runtime.directive.Literal
2017-12-11 20:05:19,616 - Loaded System Directive: org.apache.velocity.runtime.directive.Macro
2017-12-11 20:05:19,617 - Loaded System Directive: org.apache.velocity.runtime.directive.Parse
2017-12-11 20:05:19,618 - Loaded System Directive: org.apache.velocity.runtime.directive.Include
2017-12-11 20:05:19,619 - Loaded System Directive: org.apache.velocity.runtime.directive.Foreach
2017-12-11 20:05:19,639 - Created '20' parsers.
2017-12-11 20:05:19,643 - Velocimacro : "velocimacro.library" is not set.  Trying default library: VM_global_library.vm
2017-12-11 20:05:19,643 - Could not load resource 'VM_global_library.vm' from ResourceLoader org.apache.velocity.runtime.resource.loader.ClasspathResourceLoader: ClasspathResourceLoader Error: cannot find resource VM_global_library.vm
2017-12-11 20:05:19,643 - Velocimacro : Default library not found.
2017-12-11 20:05:19,643 - Velocimacro : allowInline = true : VMs can be defined inline in templates
2017-12-11 20:05:19,643 - Velocimacro : allowInlineToOverride = false : VMs defined inline may NOT replace previous VM definitions
2017-12-11 20:05:19,643 - Velocimacro : allowInlineLocal = false : VMs defined inline will be global in scope if allowed.
2017-12-11 20:05:19,643 - Velocimacro : autoload off : VM system will not automatically reload global library macros
2017-12-11 20:05:19,661 - ResourceManager : found /templates/entity.java.vm with loader org.apache.velocity.runtime.resource.loader.ClasspathResourceLoader
2017-12-11 20:05:19,668 - Left side (${logicDeleteFieldName}) of '==' operation has null value. If it is a reference, it may not be in the context or its toString() returned null. /templates/entity.java.vm[line 62, column 30]
2017-12-11 20:05:19,669 - Left side (${logicDeleteFieldName}) of '==' operation has null value. If it is a reference, it may not be in the context or its toString() returned null. /templates/entity.java.vm[line 62, column 30]
2017-12-11 20:05:19,669 - Left side (${logicDeleteFieldName}) of '==' operation has null value. If it is a reference, it may not be in the context or its toString() returned null. /templates/entity.java.vm[line 62, column 30]
2017-12-11 20:05:19,669 - Left side (${logicDeleteFieldName}) of '==' operation has null value. If it is a reference, it may not be in the context or its toString() returned null. /templates/entity.java.vm[line 62, column 30]
2017-12-11 20:05:19,669 - Left side (${logicDeleteFieldName}) of '==' operation has null value. If it is a reference, it may not be in the context or its toString() returned null. /templates/entity.java.vm[line 62, column 30]
2017-12-11 20:05:19,669 - Left side (${logicDeleteFieldName}) of '==' operation has null value. If it is a reference, it may not be in the context or its toString() returned null. /templates/entity.java.vm[line 62, column 30]
2017-12-11 20:05:19,669 - Left side (${logicDeleteFieldName}) of '==' operation has null value. If it is a reference, it may not be in the context or its toString() returned null. /templates/entity.java.vm[line 62, column 30]
2017-12-11 20:05:19,682 - ResourceManager : found /templates/mapper.java.vm with loader org.apache.velocity.runtime.resource.loader.ClasspathResourceLoader
2017-12-11 20:05:19,685 - ResourceManager : found /templates/mapper.xml.vm with loader org.apache.velocity.runtime.resource.loader.ClasspathResourceLoader
2017-12-11 20:05:19,687 - ResourceManager : found /templates/service.java.vm with loader org.apache.velocity.runtime.resource.loader.ClasspathResourceLoader
2017-12-11 20:05:19,689 - ResourceManager : found /templates/serviceImpl.java.vm with loader org.apache.velocity.runtime.resource.loader.ClasspathResourceLoader
2017-12-11 20:05:19,690 - ResourceManager : found /templates/controller.java.vm with loader org.apache.velocity.runtime.resource.loader.ClasspathResourceLoader
2017-12-11 20:05:19,694 - ResourceManager : found /templates/entity.java.vm with loader org.apache.velocity.runtime.resource.loader.ClasspathResourceLoader
2017-12-11 20:05:19,694 - Left side (${logicDeleteFieldName}) of '==' operation has null value. If it is a reference, it may not be in the context or its toString() returned null. /templates/entity.java.vm[line 62, column 30]
2017-12-11 20:05:19,694 - Left side (${logicDeleteFieldName}) of '==' operation has null value. If it is a reference, it may not be in the context or its toString() returned null. /templates/entity.java.vm[line 62, column 30]
2017-12-11 20:05:19,694 - Left side (${logicDeleteFieldName}) of '==' operation has null value. If it is a reference, it may not be in the context or its toString() returned null. /templates/entity.java.vm[line 62, column 30]
2017-12-11 20:05:19,695 - Left side (${logicDeleteFieldName}) of '==' operation has null value. If it is a reference, it may not be in the context or its toString() returned null. /templates/entity.java.vm[line 62, column 30]
2017-12-11 20:05:19,695 - Left side (${logicDeleteFieldName}) of '==' operation has null value. If it is a reference, it may not be in the context or its toString() returned null. /templates/entity.java.vm[line 62, column 30]
2017-12-11 20:05:19,695 - Left side (${logicDeleteFieldName}) of '==' operation has null value. If it is a reference, it may not be in the context or its toString() returned null. /templates/entity.java.vm[line 62, column 30]
2017-12-11 20:05:19,695 - Left side (${logicDeleteFieldName}) of '==' operation has null value. If it is a reference, it may not be in the context or its toString() returned null. /templates/entity.java.vm[line 62, column 30]
2017-12-11 20:05:19,696 - ResourceManager : found /templates/mapper.java.vm with loader org.apache.velocity.runtime.resource.loader.ClasspathResourceLoader
2017-12-11 20:05:19,699 - ResourceManager : found /templates/mapper.xml.vm with loader org.apache.velocity.runtime.resource.loader.ClasspathResourceLoader
2017-12-11 20:05:19,700 - ResourceManager : found /templates/service.java.vm with loader org.apache.velocity.runtime.resource.loader.ClasspathResourceLoader
2017-12-11 20:05:19,701 - ResourceManager : found /templates/serviceImpl.java.vm with loader org.apache.velocity.runtime.resource.loader.ClasspathResourceLoader
2017-12-11 20:05:19,702 - ResourceManager : found /templates/controller.java.vm with loader org.apache.velocity.runtime.resource.loader.ClasspathResourceLoader
2017-12-11 20:05:19,705 - ResourceManager : found /templates/entity.java.vm with loader org.apache.velocity.runtime.resource.loader.ClasspathResourceLoader
2017-12-11 20:05:19,706 - Left side (${logicDeleteFieldName}) of '==' operation has null value. If it is a reference, it may not be in the context or its toString() returned null. /templates/entity.java.vm[line 62, column 30]
2017-12-11 20:05:19,707 - Left side (${logicDeleteFieldName}) of '==' operation has null value. If it is a reference, it may not be in the context or its toString() returned null. /templates/entity.java.vm[line 62, column 30]
2017-12-11 20:05:19,707 - Left side (${logicDeleteFieldName}) of '==' operation has null value. If it is a reference, it may not be in the context or its toString() returned null. /templates/entity.java.vm[line 62, column 30]
2017-12-11 20:05:19,707 - Left side (${logicDeleteFieldName}) of '==' operation has null value. If it is a reference, it may not be in the context or its toString() returned null. /templates/entity.java.vm[line 62, column 30]
2017-12-11 20:05:19,707 - Left side (${logicDeleteFieldName}) of '==' operation has null value. If it is a reference, it may not be in the context or its toString() returned null. /templates/entity.java.vm[line 62, column 30]
2017-12-11 20:05:19,707 - Left side (${logicDeleteFieldName}) of '==' operation has null value. If it is a reference, it may not be in the context or its toString() returned null. /templates/entity.java.vm[line 62, column 30]
2017-12-11 20:05:19,707 - Left side (${logicDeleteFieldName}) of '==' operation has null value. If it is a reference, it may not be in the context or its toString() returned null. /templates/entity.java.vm[line 62, column 30]
2017-12-11 20:05:19,707 - Left side (${logicDeleteFieldName}) of '==' operation has null value. If it is a reference, it may not be in the context or its toString() returned null. /templates/entity.java.vm[line 62, column 30]
2017-12-11 20:05:19,709 - ResourceManager : found /templates/mapper.java.vm with loader org.apache.velocity.runtime.resource.loader.ClasspathResourceLoader
2017-12-11 20:05:19,711 - ResourceManager : found /templates/mapper.xml.vm with loader org.apache.velocity.runtime.resource.loader.ClasspathResourceLoader
2017-12-11 20:05:19,712 - ResourceManager : found /templates/service.java.vm with loader org.apache.velocity.runtime.resource.loader.ClasspathResourceLoader
2017-12-11 20:05:19,713 - ResourceManager : found /templates/serviceImpl.java.vm with loader org.apache.velocity.runtime.resource.loader.ClasspathResourceLoader
2017-12-11 20:05:19,714 - ResourceManager : found /templates/controller.java.vm with loader org.apache.velocity.runtime.resource.loader.ClasspathResourceLoader
